Using pre-set license
Built from '2020.3/staging' branch; Version is '2020.3.9f1 (108be757e447) revision 1084391'; Using compiler version '192528614'; Build Type 'Release'
OS: 'Windows 10 Home; OS build 19042.1052; Version 2009; 64bit' Language: 'fr' Physical Memory: 8070 MB
BatchMode: 1, IsHumanControllingUs: 0, StartBugReporterOnCrash: 0, Is64bit: 1, IsPro: 0

 COMMAND LINE ARGUMENTS:
C:\Program Files\Unity\Hub\Editor\2020.3.9f1\Editor\Unity.exe
-adb2
-batchMode
-noUpm
-name
AssetImportWorker0
-projectPath
D:/IIM Cours/RattrapJam/Rattrap-jam
-logFile
Logs/AssetImportWorker0.log
-srvPort
62298
Successfully changed project path to: D:/IIM Cours/RattrapJam/Rattrap-jam
D:/IIM Cours/RattrapJam/Rattrap-jam
Using Asset Import Pipeline V2.
Refreshing native plugins compatible for Editor in 31.64 ms, found 0 plugins.
Preloading 0 native plugins for Editor in 0.00 ms.
Initialize engine version: 2020.3.9f1 (108be757e447)
[Subsystems] Discovering subsystems at path C:/Program Files/Unity/Hub/Editor/2020.3.9f1/Editor/Data/Resources/UnitySubsystems
[Subsystems] Discovering subsystems at path D:/IIM Cours/RattrapJam/Rattrap-jam/Assets
GfxDevice: creating device client; threaded=0
Direct3D:
    Version:  Direct3D 11.0 [level 11.1]
    Renderer: NVIDIA GeForce GTX 1050 (ID=0x1c8d)
    Vendor:   
    VRAM:     4019 MB
    Driver:   27.21.14.6663
Initialize mono
Mono path[0] = 'C:/Program Files/Unity/Hub/Editor/2020.3.9f1/Editor/Data/Managed'
Mono path[1] = 'C:/Program Files/Unity/Hub/Editor/2020.3.9f1/Editor/Data/MonoBleedingEdge/lib/mono/unityjit'
Mono config path = 'C:/Program Files/Unity/Hub/Editor/2020.3.9f1/Editor/Data/MonoBleedingEdge/etc'
Using monoOptions --debugger-agent=transport=dt_socket,embedding=1,server=y,suspend=n,address=127.0.0.1:56248
Begin MonoManager ReloadAssembly
Registering precompiled unity dll's ...
Register platform support module: C:/Program Files/Unity/Hub/Editor/2020.3.9f1/Editor/Data/PlaybackEngines/WindowsStandaloneSupport/UnityEditor.WindowsStandalone.Extensions.dll
Registered in 0.002418 seconds.
Native extension for WindowsStandalone target not found
Refreshing native plugins compatible for Editor in 35.38 ms, found 0 plugins.
Preloading 0 native plugins for Editor in 0.00 ms.
Mono: successfully reloaded assembly
- Completed reload, in  1.427 seconds
Platform modules already initialized, skipping
Registering precompiled user dll's ...
Registered in 0.002036 seconds.
Begin MonoManager ReloadAssembly
Native extension for WindowsStandalone target not found
Refreshing native plugins compatible for Editor in 0.25 ms, found 0 plugins.
Preloading 0 native plugins for Editor in 0.00 ms.
Mono: successfully reloaded assembly
- Completed reload, in  0.955 seconds
Platform modules already initialized, skipping
========================================================================
Worker process is ready to serve import requests
Launched and connected shader compiler UnityShaderCompiler.exe after 0.05 seconds
Refreshing native plugins compatible for Editor in 0.65 ms, found 0 plugins.
Preloading 0 native plugins for Editor in 0.00 ms.
Unloading 1247 Unused Serialized files (Serialized files now loaded: 0)
System memory in use before: 75.4 MB.
System memory in use after: 75.5 MB.

Unloading 12 unused Assets to reduce memory usage. Loaded Objects now: 1713.
Total: 3.572100 ms (FindLiveObjects: 0.303300 ms CreateObjectMapping: 0.117200 ms MarkObjects: 2.967900 ms  DeleteObjects: 0.180800 ms)

========================================================================
Received Import Request.
  path: Assets/Scenes/RunScene 1.unity
  artifactKey: Guid(54ce22defeaf58b40998d37d4b0d7fa9) Importer(815301076,1909f56bfc062723c751e8b465ee728b)
Start importing Assets/Scenes/RunScene 1.unity using Guid(54ce22defeaf58b40998d37d4b0d7fa9) Importer(815301076,1909f56bfc062723c751e8b465ee728b)  -> (artifact id: '9d83b194f65e37768b478e4be27a7b68') in 0.022641 seconds
  Import took 0.026434 seconds .

========================================================================
Received Import Request.
  Time since last request: 6.077630 seconds.
  path: Assets/Scenes/LD Scene.unity
  artifactKey: Guid(54ce22defeaf58b40998d37d4b0d7fa9) Importer(815301076,1909f56bfc062723c751e8b465ee728b)
Start importing Assets/Scenes/LD Scene.unity using Guid(54ce22defeaf58b40998d37d4b0d7fa9) Importer(815301076,1909f56bfc062723c751e8b465ee728b)  -> (artifact id: 'd84293e9a3c1dfd5699b2c4232153531') in 0.014034 seconds
  Import took 0.017634 seconds .

========================================================================
Received Import Request.
  Time since last request: 8.640448 seconds.
  path: Assets/Prefab/Character.prefab
  artifactKey: Guid(5fd7a031344b17047a7b73afbd7be11c) Importer(815301076,1909f56bfc062723c751e8b465ee728b)
Start importing Assets/Prefab/Character.prefab using Guid(5fd7a031344b17047a7b73afbd7be11c) Importer(815301076,1909f56bfc062723c751e8b465ee728b)  -> (artifact id: '50a65fb9db8550e3e36f2946a92a8d4c') in 0.234332 seconds
  Import took 0.238998 seconds .

========================================================================
Received Import Request.
  Time since last request: 0.000277 seconds.
  path: Assets/Prefab/energyFill.prefab
  artifactKey: Guid(45167dbc4bddbac4eaef40c7d2aca60b) Importer(815301076,1909f56bfc062723c751e8b465ee728b)
Start importing Assets/Prefab/energyFill.prefab using Guid(45167dbc4bddbac4eaef40c7d2aca60b) Importer(815301076,1909f56bfc062723c751e8b465ee728b)  -> (artifact id: 'fa942280baa975f17cc3ca3bf90c37de') in 0.034462 seconds
  Import took 0.037777 seconds .

========================================================================
Received Import Request.
  Time since last request: 0.000184 seconds.
  path: Assets/Prefab/SlowZone.prefab
  artifactKey: Guid(bf3f586924187a34f90e98cf6a6f35af) Importer(815301076,1909f56bfc062723c751e8b465ee728b)
Start importing Assets/Prefab/SlowZone.prefab using Guid(bf3f586924187a34f90e98cf6a6f35af) Importer(815301076,1909f56bfc062723c751e8b465ee728b)  -> (artifact id: 'f730bd512588ec187186cd8f7edbfb7f') in 0.011286 seconds
  Import took 0.014209 seconds .

========================================================================
Received Import Request.
  Time since last request: 0.000235 seconds.
  path: Assets/Prefab/SpeedUpZone.prefab
  artifactKey: Guid(5ceb34deca01c914cbad97633ae618ef) Importer(815301076,1909f56bfc062723c751e8b465ee728b)
Start importing Assets/Prefab/SpeedUpZone.prefab using Guid(5ceb34deca01c914cbad97633ae618ef) Importer(815301076,1909f56bfc062723c751e8b465ee728b)  -> (artifact id: '268ab5069a608c53d57bbbc370aa1752') in 0.014475 seconds
  Import took 0.018761 seconds .

========================================================================
Received Import Request.
  Time since last request: 0.000312 seconds.
  path: Assets/Prefab/WindZone.prefab
  artifactKey: Guid(84028172af3527b4e9ecca84713bc7da) Importer(815301076,1909f56bfc062723c751e8b465ee728b)
Start importing Assets/Prefab/WindZone.prefab using Guid(84028172af3527b4e9ecca84713bc7da) Importer(815301076,1909f56bfc062723c751e8b465ee728b)  -> (artifact id: '7436a14dd067d5dd479d9f52b62222ae') in 0.013851 seconds
  Import took 0.017065 seconds .

========================================================================
Received Import Request.
  Time since last request: 0.000291 seconds.
  path: Assets/Prefab/GameManager.prefab
  artifactKey: Guid(4127e1460bb1be54eab3a916a0b1ebea) Importer(815301076,1909f56bfc062723c751e8b465ee728b)
Start importing Assets/Prefab/GameManager.prefab using Guid(4127e1460bb1be54eab3a916a0b1ebea) Importer(815301076,1909f56bfc062723c751e8b465ee728b)  -> (artifact id: '5bc617dc4d9086a2bdf553b8012ab3bf') in 0.013369 seconds
  Import took 0.016449 seconds .

========================================================================
Received Import Request.
  Time since last request: 5003.842567 seconds.
  path: Assets/Scenes/LD Scene.unity
  artifactKey: Guid(54ce22defeaf58b40998d37d4b0d7fa9) Importer(815301076,1909f56bfc062723c751e8b465ee728b)
Start importing Assets/Scenes/LD Scene.unity using Guid(54ce22defeaf58b40998d37d4b0d7fa9) Importer(815301076,1909f56bfc062723c751e8b465ee728b)  -> (artifact id: '4a818db89d57e4b1c795483133557c12') in 0.104101 seconds
  Import took 0.147145 seconds .

========================================================================
Received Import Request.
  Time since last request: 6.387679 seconds.
  path: Assets/Scenes/TutoScene.unity
  artifactKey: Guid(54ce22defeaf58b40998d37d4b0d7fa9) Importer(815301076,1909f56bfc062723c751e8b465ee728b)
Start importing Assets/Scenes/TutoScene.unity using Guid(54ce22defeaf58b40998d37d4b0d7fa9) Importer(815301076,1909f56bfc062723c751e8b465ee728b)  -> (artifact id: '65cc5fd39f7fcb2eee8652e9b7a86abd') in 0.109254 seconds
  Import took 0.112251 seconds .

========================================================================
Received Prepare
Registering precompiled user dll's ...
Registered in 0.001595 seconds.
Begin MonoManager ReloadAssembly
Native extension for WindowsStandalone target not found
Refreshing native plugins compatible for Editor in 0.28 ms, found 0 plugins.
Preloading 0 native plugins for Editor in 0.00 ms.
Mono: successfully reloaded assembly
- Completed reload, in  1.058 seconds
Platform modules already initialized, skipping
Refreshing native plugins compatible for Editor in 0.39 ms, found 0 plugins.
Preloading 0 native plugins for Editor in 0.00 ms.
Unloading 1228 Unused Serialized files (Serialized files now loaded: 0)
System memory in use before: 90.8 MB.
System memory in use after: 90.9 MB.

Unloading 7 unused Assets to reduce memory usage. Loaded Objects now: 1725.
Total: 3.785400 ms (FindLiveObjects: 0.255600 ms CreateObjectMapping: 0.062300 ms MarkObjects: 3.296600 ms  DeleteObjects: 0.169400 ms)

========================================================================
Received Prepare
Registering precompiled user dll's ...
Registered in 0.002664 seconds.
Begin MonoManager ReloadAssembly
Native extension for WindowsStandalone target not found
Refreshing native plugins compatible for Editor in 0.26 ms, found 0 plugins.
Preloading 0 native plugins for Editor in 0.00 ms.
Mono: successfully reloaded assembly
- Completed reload, in  1.126 seconds
Platform modules already initialized, skipping
Refreshing native plugins compatible for Editor in 0.56 ms, found 0 plugins.
Preloading 0 native plugins for Editor in 0.00 ms.
Unloading 1228 Unused Serialized files (Serialized files now loaded: 0)
System memory in use before: 90.8 MB.
System memory in use after: 90.9 MB.

Unloading 7 unused Assets to reduce memory usage. Loaded Objects now: 1728.
Total: 5.764000 ms (FindLiveObjects: 0.759400 ms CreateObjectMapping: 0.270300 ms MarkObjects: 4.608600 ms  DeleteObjects: 0.113000 ms)

AssetImportWorkerClient::OnTransportError - code=2 error=End of file
